[    0.000000] Initializing cgroup subsys cpuset
[    0.000000] Initializing cgroup subsys cpu
[    0.000000] Initializing cgroup subsys cpuacct
[    0.000000] Linux version 4.4.0-210-generic (buildd@lgw01-amd64-009) (gcc version 5.4.0 20160609 (Ubuntu 5.4.0-6ubuntu1~16.04.12) ) #242-Ubuntu SMP Fri Apr 16 09:57:56 UTC 2021 (Ubuntu 4.4.0-210.242-generic 4.4.262)
[    0.000000] Command line: BOOT_IMAGE=/boot/vmlinuz-4.4.0-210-generic root=LABEL=cloudimg-rootfs ro console=tty1 console=ttyS0
[    0.000000] KERNEL supported cpus:
[    0.000000]   Intel GenuineIntel
[    0.000000]   AMD AuthenticAMD
[    0.000000]   Centaur CentaurHauls
[    0.000000] x86/fpu: xstate_offset[2]:  576, xstate_sizes[2]:  256
[    0.000000] x86/fpu: Supporting XSAVE feature 0x01: 'x87 floating point registers'
[    0.000000] x86/fpu: Supporting XSAVE feature 0x02: 'SSE registers'
[    0.000000] x86/fpu: Supporting XSAVE feature 0x04: 'AVX registers'
[    0.000000] x86/fpu: Enabled xstate features 0x7, context size is 832 bytes, using 'standard' format.
[    0.000000] e820: BIOS-provided physical RAM map:
[    0.000000] BIOS-e820: [mem 0x0000000000000000-0x000000000009fbff] usable
[    0.000000] BIOS-e820: [mem 0x000000000009fc00-0x000000000009ffff] reserved
[    0.000000] BIOS-e820: [mem 0x00000000000f0000-0x00000000000fffff] reserved
[    0.000000] BIOS-e820: [mem 0x0000000000100000-0x00000000dffeffff] usable
[    0.000000] BIOS-e820: [mem 0x00000000dfff0000-0x00000000dfffffff] ACPI data
[    0.000000] BIOS-e820: [mem 0x00000000fec00000-0x00000000fec00fff] reserved
[    0.000000] BIOS-e820: [mem 0x00000000fee00000-0x00000000fee00fff] reserved
[    0.000000] BIOS-e820: [mem 0x00000000fffc0000-0x00000000ffffffff] reserved
[    0.000000] BIOS-e820: [mem 0x0000000100000000-0x000000011fffffff] usable
[    0.000000] NX (Execute Disable) protection: active
[    0.000000] SMBIOS 2.5 present.
[    0.000000] Hypervisor detected: KVM
[    0.000000] e820: last_pfn = 0x120000 max_arch_pfn = 0x400000000
[    0.000000] MTRR: Disabled
[    0.000000] x86/PAT: MTRRs disabled, skipping PAT initialization too.
[    0.000000] CPU MTRRs all blank - virtualized system.
[    0.000000] x86/PAT: Configuration [0-7]: WB  WT  UC- UC  WB  WT  UC- UC  
[    0.000000] e820: last_pfn = 0xdfff0 max_arch_pfn = 0x400000000
[    0.000000] found SMP MP-table at [mem 0x0009fff0-0x0009ffff] mapped at [ffff88000009fff0]
[    0.000000] Scanning 1 areas for low memory corruption
[    0.000000] RAMDISK: [mem 0x362dc000-0x37165fff]
[    0.000000] ACPI: Early table checksum verification disabled
[    0.000000] ACPI: RSDP 0x00000000000E0000 000024 (v02 VBOX  )
[    0.000000] ACPI: XSDT 0x00000000DFFF0030 00003C (v01 VBOX   VBOXXSDT 00000001 ASL  00000061)
[    0.000000] ACPI: FACP 0x00000000DFFF00F0 0000F4 (v04 VBOX   VBOXFACP 00000001 ASL  00000061)
[    0.000000] ACPI: DSDT 0x00000000DFFF0480 002325 (v02 VBOX   VBOXBIOS 00000002 INTL 20190509)
[    0.000000] ACPI: FACS 0x00000000DFFF0200 000040
[    0.000000] ACPI: FACS 0x00000000DFFF0200 000040
[    0.000000] ACPI: APIC 0x00000000DFFF0240 00006C (v02 VBOX   VBOXAPIC 00000001 ASL  00000061)
[    0.000000] ACPI: SSDT 0x00000000DFFF02B0 0001CC (v01 VBOX   VBOXCPUT 00000002 INTL 20190509)
[    0.000000] No NUMA configuration found
[    0.000000] Faking a node at [mem 0x0000000000000000-0x000000011fffffff]
[    0.000000] NODE_DATA(0) allocated [mem 0x11fff7000-0x11fffbfff]
[    0.000000] kvm-clock: Using msrs 4b564d01 and 4b564d00
[    0.000000] kvm-clock: cpu 0, msr 1:1ffef001, primary cpu clock
[    0.000000] kvm-clock: using sched offset of 3004458198 cycles
[    0.000000] clocksource: kvm-clock: mask: 0xffffffffffffffff max_cycles: 0x1cd42e4dffb, max_idle_ns: 881590591483 ns
[    0.000000] Zone ranges:
[    0.000000]   DMA      [mem 0x0000000000001000-0x0000000000ffffff]
[    0.000000]   DMA32    [mem 0x0000000001000000-0x00000000ffffffff]
[    0.000000]   Normal   [mem 0x0000000100000000-0x000000011fffffff]
[    0.000000]   Device   empty
[    0.000000] Movable zone start for each node
[    0.000000] Early memory node ranges
[    0.000000]   node   0: [mem 0x0000000000001000-0x000000000009efff]
[    0.000000]   node   0: [mem 0x0000000000100000-0x00000000dffeffff]
[    0.000000]   node   0: [mem 0x0000000100000000-0x000000011fffffff]
[    0.000000] Initmem setup node 0 [mem 0x0000000000001000-0x000000011fffffff]
[    0.000000] ACPI: PM-Timer IO Port: 0x4008
[    0.000000] IOAPIC[0]: apic_id 4, version 32, address 0xfec00000, GSI 0-23
[    0.000000] ACPI: INT_SRC_OVR (bus 0 bus_irq 0 global_irq 2 dfl dfl)
[    0.000000] ACPI: INT_SRC_OVR (bus 0 bus_irq 9 global_irq 9 low level)
[    0.000000] Using ACPI (MADT) for SMP configuration information
[    0.000000] smpboot: Allowing 4 CPUs, 0 hotplug CPUs
[    0.000000] PM: Registered nosave memory: [mem 0x00000000-0x00000fff]
[    0.000000] PM: Registered nosave memory: [mem 0x0009f000-0x0009ffff]
[    0.000000] PM: Registered nosave memory: [mem 0x000a0000-0x000effff]
[    0.000000] PM: Registered nosave memory: [mem 0x000f0000-0x000fffff]
[    0.000000] PM: Registered nosave memory: [mem 0xdfff0000-0xdfffffff]
[    0.000000] PM: Registered nosave memory: [mem 0xe0000000-0xfebfffff]
[    0.000000] PM: Registered nosave memory: [mem 0xfec00000-0xfec00fff]
[    0.000000] PM: Registered nosave memory: [mem 0xfec01000-0xfedfffff]
[    0.000000] PM: Registered nosave memory: [mem 0xfee00000-0xfee00fff]
[    0.000000] PM: Registered nosave memory: [mem 0xfee01000-0xfffbffff]
[    0.000000] PM: Registered nosave memory: [mem 0xfffc0000-0xffffffff]
[    0.000000] e820: [mem 0xe0000000-0xfebfffff] available for PCI devices
[    0.000000] Booting paravirtualized kernel on KVM
[    0.000000] clocksource: refined-jiffies: mask: 0xffffffff max_cycles: 0xffffffff, max_idle_ns: 7645519600211568 ns
[    0.000000] setup_percpu: NR_CPUS:512 nr_cpumask_bits:512 nr_cpu_ids:4 nr_node_ids:1
[    0.000000] PERCPU: Embedded 33 pages/cpu @ffff88011fc00000 s95192 r8192 d31784 u524288
[    0.000000] Built 1 zonelists in Node order, mobility grouping on.  Total pages: 1032056
[    0.000000] Policy zone: Normal
[    0.000000] Kernel command line: BOOT_IMAGE=/boot/vmlinuz-4.4.0-210-generic root=LABEL=cloudimg-rootfs ro console=tty1 console=ttyS0
[    0.000000] PID hash table entries: 4096 (order: 3, 32768 bytes)
[    0.000000] Memory: 4028040K/4193848K available (8644K kernel code, 1332K rwdata, 4044K rodata, 1492K init, 1164K bss, 165808K reserved, 0K cma-reserved)
[    0.000000] SLUB: HWalign=64, Order=0-3, MinObjects=0, CPUs=4, Nodes=1
[    0.000000] Kernel/User page tables isolation: enabled
[    0.000000] Hierarchical RCU implementation.
[    0.000000] 	Build-time adjustment of leaf fanout to 64.
[    0.000000] 	RCU restricting CPUs from NR_CPUS=512 to nr_cpu_ids=4.
[    0.000000] RCU: Adjusting geometry for rcu_fanout_leaf=64, nr_cpu_ids=4
[    0.000000] NR_IRQS:33024 nr_irqs:456 16
[    0.000000] Console: colour VGA+ 80x25
[    0.000000] console [tty1] enabled
[    0.000000] console [ttyS0] enabled
[    0.000000] tsc: Detected 3082.876 MHz processor
[    0.139233] Calibrating delay loop (skipped) preset value.. 6165.75 BogoMIPS (lpj=12331504)
[    0.140461] pid_max: default: 32768 minimum: 301
[    0.141052] ACPI: Core revision 20150930
[    0.142151] ACPI: 2 ACPI AML tables successfully acquired and loaded
[    0.143054] Security Framework initialized
[    0.143649] Yama: becoming mindful.
[    0.144182] AppArmor: AppArmor initialized
[    0.145261] Dentry cache hash table entries: 524288 (order: 10, 4194304 bytes)
[    0.147597] Inode-cache hash table entries: 262144 (order: 9, 2097152 bytes)
[    0.148701] Mount-cache hash table entries: 8192 (order: 4, 65536 bytes)
[    0.149578] Mountpoint-cache hash table entries: 8192 (order: 4, 65536 bytes)
[    0.150957] Initializing cgroup subsys io
[    0.151589] Initializing cgroup subsys memory
[    0.152917] Initializing cgroup subsys devices
[    0.154122] Initializing cgroup subsys freezer
[    0.155364] Initializing cgroup subsys net_cls
[    0.156112] Initializing cgroup subsys perf_event
[    0.156780] Initializing cgroup subsys net_prio
[    0.157398] Initializing cgroup subsys hugetlb
[    0.158085] Initializing cgroup subsys pids
[    0.169445] mce: CPU supports 0 MCE banks
[    0.170065] Last level iTLB entries: 4KB 128, 2MB 8, 4MB 8
[    0.170816] Last level dTLB entries: 4KB 64, 2MB 0, 4MB 0, 1GB 4
[    0.171585] Spectre V1 : Mitigation: usercopy/swapgs barriers and __user pointer sanitization
[    0.172744] Spectre V2 : Mitigation: Full generic retpoline
[    0.173420] Spectre V2 : Spectre v2 / SpectreRSB mitigation: Filling RSB on context switch
[    0.174615] Speculative Store Bypass: Vulnerable
[    0.175514] SRBDS: Unknown: Dependent on hypervisor status
[    0.176278] MDS: Mitigation: Clear CPU buffers
[    0.178790] Freeing SMP alternatives memory: 36K
[    0.183664] ftrace: allocating 32380 entries in 127 pages
[    0.228235] smpboot: APIC(0) Converting physical 0 to logical package 0
[    0.229197] smpboot: Max logical packages: 1
[    0.229971] x2apic enabled
[    0.230552] Switched APIC routing to physical x2apic.
[    0.231984] ..TIMER: vector=0x30 apic1=0 pin1=2 apic2=-1 pin2=-1
[    0.340733] APIC calibration not consistent with PM-Timer: 102ms instead of 100ms
[    0.341798] APIC delta adjusted to PM-Timer: 6250024 (6414938)
[    0.342632] smpboot: CPU0: Intel(R) Core(TM) i7-9700 CPU @ 3.00GHz (family: 0x6, model: 0x9e, stepping: 0xd)
[    0.344044] Performance Events: unsupported p6 CPU model 158 no PMU driver, software events only.
[    0.352716] KVM setup paravirtual spinlock
[    0.353969] x86: Booting SMP configuration:
[    0.354537] .... node  #0, CPUs:      #1
[    0.355158] kvm-clock: cpu 1, msr 1:1ffef041, secondary cpu clock
[    0.365120] mce: CPU supports 0 MCE banks
[    0.367581]  #2
[    0.367938] kvm-clock: cpu 2, msr 1:1ffef081, secondary cpu clock
[    0.377357] mce: CPU supports 0 MCE banks
[    0.379763]  #3
[    0.380138] kvm-clock: cpu 3, msr 1:1ffef0c1, secondary cpu clock
[    0.389726] mce: CPU supports 0 MCE banks
[    0.392097] x86: Booted up 1 node, 4 CPUs
[    0.392810] smpboot: Total of 4 processors activated (24663.00 BogoMIPS)
[    0.394035] devtmpfs: initialized
[    0.396431] evm: security.selinux
[    0.397009] evm: security.SMACK64
[    0.397478] evm: security.SMACK64EXEC
[    0.398022] evm: security.SMACK64TRANSMUTE
[    0.398566] evm: security.SMACK64MMAP
[    0.399067] evm: security.ima
[    0.399585] evm: security.capability
[    0.400170] clocksource: jiffies: mask: 0xffffffff max_cycles: 0xffffffff, max_idle_ns: 7645041785100000 ns
[    0.401443] futex hash table entries: 1024 (order: 4, 65536 bytes)
[    0.402321] pinctrl core: initialized pinctrl subsystem
[    0.403036] RTC time: 15:45:32, date: 01/18/24
[    0.403920] NET: Registered protocol family 16
[    0.416331] cpuidle: using governor ladder
[    0.428537] cpuidle: using governor menu
[    0.429884] PCCT header not found.
[    0.431158] ACPI: bus type PCI registered
[    0.432393] acpiphp: ACPI Hot Plug PCI Controller Driver version: 0.5
[    0.435804] PCI: Using configuration type 1 for base access
[    0.450175] ACPI: Added _OSI(Module Device)
[    0.451540] ACPI: Added _OSI(Processor Device)
[    0.452850] ACPI: Added _OSI(3.0 _SCP Extensions)
[    0.454211] ACPI: Added _OSI(Processor Aggregator Device)
[    0.456741] ACPI: Executed 1 blocks of module-level executable AML code
[    0.461692] ACPI: Interpreter enabled
[    0.462942] ACPI: (supports S0 S5)
[    0.464224] ACPI: Using IOAPIC for interrupt routing
[    0.465571] PCI: Using host bridge windows from ACPI; if necessary, use "pci=nocrs" and report a bug
[    0.471586] ACPI: PCI Root Bridge [PCI0] (domain 0000 [bus 00-ff])
[    0.472773] acpi PNP0A03:00: _OSC: OS supports [ASPM ClockPM Segments MSI]
[    0.474298] acpi PNP0A03:00: _OSC: not requesting OS control; OS requires [ExtendedConfig ASPM ClockPM MSI]
[    0.484549] acpi PNP0A03:00: fail to add MMCONFIG information, can't access extended PCI configuration space under this bridge.
[    0.486396] PCI host bridge to bus 0000:00
[    0.487047] pci_bus 0000:00: root bus resource [io  0x0000-0x0cf7 window]
[    0.488007] pci_bus 0000:00: root bus resource [io  0x0d00-0xffff window]
[    0.488853] pci_bus 0000:00: root bus resource [mem 0x000a0000-0x000bffff window]
[    0.489987] pci_bus 0000:00: root bus resource [mem 0xe0000000-0xfdffffff window]
[    0.491032] pci_bus 0000:00: root bus resource [bus 00-ff]
[    0.492864] pci 0000:00:01.1: legacy IDE quirk: reg 0x10: [io  0x01f0-0x01f7]
[    0.493718] pci 0000:00:01.1: legacy IDE quirk: reg 0x14: [io  0x03f6]
[    0.494552] pci 0000:00:01.1: legacy IDE quirk: reg 0x18: [io  0x0170-0x0177]
[    0.495404] pci 0000:00:01.1: legacy IDE quirk: reg 0x1c: [io  0x0376]
[    0.533035] pci 0000:00:07.0: quirk: [io  0x4000-0x403f] claimed by PIIX4 ACPI
[    0.534062] pci 0000:00:07.0: quirk: [io  0x4100-0x410f] claimed by PIIX4 SMB
[    0.556573] ACPI: PCI Interrupt Link [LNKA] (IRQs 5 9 10 *11)
[    0.559187] ACPI: PCI Interrupt Link [LNKB] (IRQs 5 9 *10 11)
[    0.560656] ACPI: PCI Interrupt Link [LNKC] (IRQs 5 *9 10 11)
[    0.561664] ACPI: PCI Interrupt Link [LNKD] (IRQs 5 9 10 *11)
[    0.562808] ACPI: Enabled 2 GPEs in block 00 to 07
[    0.563736] vgaarb: setting as boot device: PCI:0000:00:02.0
[    0.564472] vgaarb: device added: PCI:0000:00:02.0,decodes=io+mem,owns=io+mem,locks=none
[    0.565606] vgaarb: loaded
[    0.566016] vgaarb: bridge control possible 0000:00:02.0
[    0.566823] SCSI subsystem initialized
[    0.567480] ACPI: bus type USB registered
[    0.568131] usbcore: registered new interface driver usbfs
[    0.568809] usbcore: registered new interface driver hub
[    0.569538] usbcore: registered new device driver usb
[    0.570486] PCI: Using ACPI for IRQ routing
[    0.571279] NetLabel: Initializing
[    0.571795] NetLabel:  domain hash size = 128
[    0.572378] NetLabel:  protocols = UNLABELED CIPSOv4
[    0.573009] NetLabel:  unlabeled traffic allowed by default
[    0.573871] amd_nb: Cannot enumerate AMD northbridges
[    0.575012] clocksource: Switched to clocksource kvm-clock
[    0.580011] AppArmor: AppArmor Filesystem Enabled
[    0.580715] pnp: PnP ACPI init
[    0.581659] pnp: PnP ACPI: found 3 devices
[    0.589266] clocksource: acpi_pm: mask: 0xffffff max_cycles: 0xffffff, max_idle_ns: 2085701024 ns
[    0.590462] NET: Registered protocol family 2
[    0.591197] TCP established hash table entries: 32768 (order: 6, 262144 bytes)
[    0.592244] TCP bind hash table entries: 32768 (order: 7, 524288 bytes)
[    0.593541] TCP: Hash tables configured (established 32768 bind 32768)
[    0.594325] UDP hash table entries: 2048 (order: 4, 65536 bytes)
[    0.595248] UDP-Lite hash table entries: 2048 (order: 4, 65536 bytes)
[    0.596129] NET: Registered protocol family 1
[    0.596717] pci 0000:00:00.0: Limiting direct PCI/PCI transfers
[    0.597500] pci 0000:00:01.0: Activating ISA DMA hang workarounds
[    0.598326] Unpacking initramfs...
[    0.748415] Freeing initrd memory: 14888K
[    0.749167] PCI-DMA: Using software bounce buffering for IO (SWIOTLB)
[    0.750112] software IO TLB: mapped [mem 0xdbff0000-0xdfff0000] (64MB)
[    0.750970] clocksource: tsc: mask: 0xffffffffffffffff max_cycles: 0x2c7017715e0, max_idle_ns: 440795244761 ns
[    0.752313] platform rtc_cmos: registered platform RTC device (no PNP device found)
[    0.753343] Scanning for low memory corruption every 60 seconds
[    0.754601] audit: initializing netlink subsys (disabled)
[    0.755351] audit: type=2000 audit(1705592737.462:1): initialized
[    0.756311] Initialise system trusted keyring
[    0.757447] HugeTLB registered 2 MB page size, pre-allocated 0 pages
[    0.759157] zbud: loaded
[    0.760678] VFS: Disk quotas dquot_6.6.0
[    0.762081] VFS: Dquot-cache hash table entries: 512 (order 0, 4096 bytes)
[    0.763252] squashfs: version 4.0 (2009/01/31) Phillip Lougher
[    0.764620] fuse init (API version 7.23)
[    0.765341] Key type big_key registered
[    0.765961] Allocating IMA MOK and blacklist keyrings.
[    0.767968] Key type asymmetric registered
[    0.768544] Asymmetric key parser 'x509' registered
[    0.769212] Block layer SCSI generic (bsg) driver version 0.4 loaded (major 249)
[    0.770328] io scheduler noop registered
[    0.770912] io scheduler deadline registered (default)
[    0.771695] io scheduler cfq registered
[    0.772293] pci_hotplug: PCI Hot Plug PCI Core version: 0.5
[    0.773156] pciehp: PCI Express Hot Plug Controller Driver version: 0.4
[    0.774059] ACPI: AC Adapter [AC] (on-line)
[    0.774708] input: Power Button as /devices/LNXSYSTM:00/LNXPWRBN:00/input/input0
[    0.775777] ACPI: Power Button [PWRF]
[    0.776314] input: Sleep Button as /devices/LNXSYSTM:00/LNXSLPBN:00/input/input1
[    0.777271] ACPI: Sleep Button [SLPF]
[    0.778364] GHES: HEST is not enabled!
[    0.778922] Serial: 8250/16550 driver, 32 ports, IRQ sharing enabled
[    0.800017] 00:02: ttyS0 at I/O 0x3f8 (irq = 4, base_baud = 115200) is a 16550A
[    0.801784] Linux agpgart interface v0.103
[    0.803825] loop: module loaded
[    0.804746] scsi host0: ata_piix
[    0.805476] scsi host1: ata_piix
[    0.806023] ata1: PATA max UDMA/33 cmd 0x1f0 ctl 0x3f6 bmdma 0xd000 irq 14
[    0.806926] ata2: PATA max UDMA/33 cmd 0x170 ctl 0x376 bmdma 0xd008 irq 15
[    0.807927] libphy: Fixed MDIO Bus: probed
[    0.808521] tun: Universal TUN/TAP device driver, 1.6
[    0.809209] tun: (C) 1999-2004 Max Krasnyansky <maxk@qualcomm.com>
[    0.810029] PPP generic driver version 2.4.2
[    0.810775] ehci_hcd: USB 2.0 'Enhanced' Host Controller (EHCI) Driver
[    0.811745] ehci-pci: EHCI PCI platform driver
[    0.812427] ehci-platform: EHCI generic platform driver
[    0.813236] ohci_hcd: USB 1.1 'Open' Host Controller (OHCI) Driver
[    0.813975] ohci-pci: OHCI PCI platform driver
[    0.814557] ohci-platform: OHCI generic platform driver
[    0.815232] uhci_hcd: USB Universal Host Controller Interface driver
[    0.816028] i8042: PNP: PS/2 Controller [PNP0303:PS2K,PNP0f03:PS2M] at 0x60,0x64 irq 1,12
[    0.817551] serio: i8042 KBD port at 0x60,0x64 irq 1
[    0.818173] serio: i8042 AUX port at 0x60,0x64 irq 12
[    0.818881] mousedev: PS/2 mouse device common for all mice
[    0.820146] input: AT Translated Set 2 keyboard as /devices/platform/i8042/serio0/input/input2
[    0.821553] rtc_cmos rtc_cmos: rtc core: registered rtc_cmos as rtc0
[    0.822677] rtc_cmos rtc_cmos: alarms up to one day, 114 bytes nvram
[    0.823483] i2c /dev entries driver
[    0.824008] device-mapper: uevent: version 1.0.3
[    0.824642] device-mapper: ioctl: 4.34.0-ioctl (2015-10-28) initialised: dm-devel@redhat.com
[    0.825779] ledtrig-cpu: registered to indicate activity on CPUs
[    0.826862] NET: Registered protocol family 10
[    0.827623] NET: Registered protocol family 17
[    0.828268] Key type dns_resolver registered
[    0.829067] registered taskstats version 1
[    0.829621] Loading compiled-in X.509 certificates
[    0.830633] Loaded X.509 cert 'Build time autogenerated kernel key: cf00e047681d67edb2720680708b7d9498083038'
[    0.831888] zswap: loaded using pool lzo/zbud
[    0.833966] Key type trusted registered
[    0.837517] Key type encrypted registered
[    0.838109] AppArmor: AppArmor sha1 policy hashing enabled
[    0.838878] ima: No TPM chip found, activating TPM-bypass!
[    0.839599] ima: Allocated hash algorithm: sha1
[    0.840195] evm: HMAC attrs: 0x1
[    0.841071]   Magic number: 8:149:791
[    0.841720] rtc_cmos rtc_cmos: setting system clock to 2024-01-18 15:45:32 UTC (1705592732)
[    0.842963] BIOS EDD facility v0.16 2004-Jun-25, 0 devices found
[    0.843715] EDD information not available.
[    0.993616] Freeing unused kernel memory: 1492K
[    0.994277] Write protecting the kernel read-only data: 14336k
[    0.995542] Freeing unused kernel memory: 1584K
[    0.996319] Freeing unused kernel memory: 52K
Loading, please wait...
starting version 229
[    1.006002] random: systemd-udevd: uninitialized urandom read (16 bytes read, 3 bits of entropy available)
[    1.006470] random: udevadm: uninitialized urandom read (16 bytes read, 3 bits of entropy available)
[    1.006487] random: udevadm: uninitialized urandom read (16 bytes read, 3 bits of entropy available)
[    1.009990] random: systemd-udevd: uninitialized urandom read (16 bytes read, 3 bits of entropy available)
[    1.011377] random: systemd-udevd: uninitialized urandom read (16 bytes read, 3 bits of entropy available)
[    1.011664] random: udevadm: uninitialized urandom read (16 bytes read, 3 bits of entropy available)
[    1.011698] random: udevadm: uninitialized urandom read (16 bytes read, 3 bits of entropy available)
[    1.011874] random: udevadm: uninitialized urandom read (16 bytes read, 3 bits of entropy available)
[    1.011927] random: udevadm: uninitialized urandom read (16 bytes read, 3 bits of entropy available)
[    1.011963] random: udevadm: uninitialized urandom read (16 bytes read, 3 bits of entropy available)
[    1.037686] e1000: Intel(R) PRO/1000 Network Driver - version 7.3.21-k8-NAPI
[    1.038636] e1000: Copyright (c) 1999-2006 Intel Corporation.
[    1.039565] Fusion MPT base driver 3.04.20
[    1.040274] Copyright (c) 1999-2008 LSI Corporation
[    1.044110] Fusion MPT SPI Host driver 3.04.20
[    1.047417] AVX2 version of gcm_enc/dec engaged.
[    1.048064] AES CTR mode by8 optimization enabled
[    1.272476] input: ImExPS/2 Generic Explorer Mouse as /devices/platform/i8042/serio1/input/input4
[    2.139158] e1000 0000:00:03.0 eth0: (PCI:33MHz:32-bit) 02:be:82:6b:cc:1d
[    2.140020] e1000 0000:00:03.0 eth0: Intel(R) PRO/1000 Network Connection
[    4.097915] e1000 0000:00:08.0 eth1: (PCI:33MHz:32-bit) 08:00:27:18:9c:cf
[    4.099531] e1000 0000:00:08.0 eth1: Intel(R) PRO/1000 Network Connection
[    4.101812] e1000 0000:00:08.0 enp0s8: renamed from eth1
[    4.103725] mptbase: ioc0: Initiating bringup
[    4.399761] e1000 0000:00:03.0 enp0s3: renamed from eth0
[    5.639773] ioc0: LSI53C1030 A0: Capabilities={Initiator}
[    7.684215] scsi host2: ioc0: LSI53C1030 A0, FwRev=00000000h, Ports=1, MaxQ=256, IRQ=20
[    8.403334] scsi 2:0:0:0: Direct-Access     VBOX     HARDDISK         1.0  PQ: 0 ANSI: 5
[    8.404486] scsi target2:0:0: Beginning Domain Validation
[    8.407092] scsi target2:0:0: Domain Validation skipping write tests
[    8.407976] scsi target2:0:0: Ending Domain Validation
[    8.408645] scsi target2:0:0: asynchronous
[    8.409618] scsi 2:0:1:0: Direct-Access     VBOX     HARDDISK         1.0  PQ: 0 ANSI: 5
[    8.410701] scsi target2:0:1: Beginning Domain Validation
[    8.412711] scsi target2:0:1: Domain Validation skipping write tests
[    8.413521] scsi target2:0:1: Ending Domain Validation
[    8.414297] scsi target2:0:1: asynchronous
[    8.418686] sd 2:0:0:0: Attached scsi generic sg0 type 0
[    8.419648] sd 2:0:0:0: [sda] 83886080 512-byte logical blocks: (42.9 GB/40.0 GiB)
[    8.419828] sd 2:0:1:0: [sdb] 20480 512-byte logical blocks: (10.5 MB/10.0 MiB)
[    8.420029] sd 2:0:1:0: [sdb] Write Protect is off
[    8.420116] sd 2:0:1:0: [sdb] Incomplete mode parameter data
[    8.420117] sd 2:0:1:0: [sdb] Assuming drive cache: write through
[    8.423072] sd 2:0:1:0: Attached scsi generic sg1 type 0
[    8.425465] sd 2:0:0:0: [sda] Write Protect is off
[    8.426333] sd 2:0:0:0: [sda] Incomplete mode parameter data
[    8.427322] sd 2:0:0:0: [sda] Assuming drive cache: write through
[    8.431665]  sda: sda1
[    8.432485] sd 2:0:1:0: [sdb] Attached SCSI disk
[    8.433862] sd 2:0:0:0: [sda] Attached SCSI disk
Begin: Loading essential drivers ... [    9.792531] md: linear personality registered for level -1
[    9.794908] md: multipath personality registered for level -4
[    9.797648] md: raid0 personality registered for level 0
[    9.800926] md: raid1 personality registered for level 1
[    9.871059] raid6: sse2x1   gen() 14074 MB/s
[    9.939054] raid6: sse2x1   xor()  9470 MB/s
[   10.007056] raid6: sse2x2   gen() 20396 MB/s
[   10.075023] raid6: sse2x2   xor() 13308 MB/s
[   10.143056] raid6: sse2x4   gen() 21586 MB/s
[   10.211101] raid6: sse2x4   xor() 13322 MB/s
[   10.279058] raid6: avx2x1   gen() 27995 MB/s
[   10.347054] raid6: avx2x2   gen() 37041 MB/s
[   10.415057] raid6: avx2x4   gen() 41208 MB/s
[   10.415694] raid6: using algorithm avx2x4 gen() 41208 MB/s
[   10.416428] raid6: using avx2x2 recovery algorithm
[   10.417928] xor: automatically using best checksumming function:
[   10.455085]    avx       : 30156.000 MB/sec
[   10.457008] async_tx: api initialized (async)
[   10.463926] md: raid6 personality registered for level 6
[   10.464655] md: raid5 personality registered for level 5
[   10.465321] md: raid4 personality registered for level 4
[   10.470455] md: raid10 personality registered for level 10
done.
Begin: Running /scripts/init-premount ... done.
Begin: Mounting root file system ... Begin: Running /scripts/local-top ... done.
Begin: Running /scripts/local-premount ... [   10.489472] Btrfs loaded
Scanning for Btrfs filesystems
done.
Warning: fsck not present, so skipping root file system
[   10.573985] EXT4-fs (sda1): mounted filesystem with ordered data mode. Opts: (null)
done.
Begin: Running /scripts/local-bottom ... done.
Begin: Running /scripts/init-bottom ... done.
[   10.808699] systemd[1]: systemd 229 running in system mode. (+PAM +AUDIT +SELINUX +IMA +APPARMOR +SMACK +SYSVINIT +UTMP +LIBCRYPTSETUP +GCRYPT +GNUTLS +ACL +XZ -LZ4 +SECCOMP +BLKID +ELFUTILS +KMOD -IDN)
[   10.816433] systemd[1]: Detected virtualization oracle.
[   10.818848] systemd[1]: Detected architecture x86-64.

Welcome to [1mUbuntu 16.04.7 LTS[0m!

[   10.824795] systemd[1]: Set hostname to <ubuntu>.
[   10.829696] systemd[1]: Initializing machine ID from random generator.
[   10.832594] systemd[1]: Installed transient /etc/machine-id file.
[   10.969879] systemd[1]: Listening on LVM2 metadata daemon socket.
[[0;32m  OK  [0m] Listening on LVM2 metadata daemon socket.
[   10.972065] systemd[1]: Listening on udev Kernel Socket.
[[0;32m  OK  [0m] Listening on udev Kernel Socket.
[   10.973850] systemd[1]: Reached target Encrypted Volumes.
[[0;32m  OK  [0m] Reached target Encrypted Volumes.
[   10.975735] systemd[1]: Listening on udev Control Socket.
[[0;32m  OK  [0m] Listening on udev Control Socket.
[   10.977546] systemd[1]: Started Trigger resolvconf update for networkd DNS.
[[0;32m  OK  [0m] Started Trigger resolvconf update for networkd DNS.
[   10.979782] systemd[1]: Listening on /dev/initctl Compatibility Named Pipe.
[[0;32m  OK  [0m] Listening on /dev/initctl Compatibility Named Pipe.
[   10.982248] systemd[1]: Created slice System Slice.
[[0;32m  OK  [0m] Created slice System Slice.
[   10.984089] systemd[1]: Listening on Syslog Socket.
[[0;32m  OK  [0m] Listening on Syslog Socket.
[   10.985994] systemd[1]: Created slice system-serial\x2dgetty.slice.
[[0;32m  OK  [0m] Created slice system-serial\x2dgetty.slice.
[   10.988078] systemd[1]: Started Forward Password Requests to Wall Directory Watch.
[[0;32m  OK  [0m] Started Forward Password Requests to Wall Directory Watch.
[   10.991930] systemd[1]: Listening on Journal Socket (/dev/log).
[[0;32m  OK  [0m] Listening on Journal Socket (/dev/log).
[   11.003385] systemd[1]: Listening on Journal Socket.
[[0;32m  OK  [0m] Listening on Journal Socket.
[   11.015233] systemd[1]: Starting Load Kernel Modules...
         Starting Load Kernel Modules...
[   11.021257] Loading iSCSI transport class v2.0-870.
[   11.023616] systemd[1]: Starting Uncomplicated firewall...
         Starting Uncomplicated firewall...
[   11.027626] iscsi: registered transport (tcp)
[   11.035677] systemd[1]: Mounting Debug File System...
         Mounting Debug File System...
[   11.037787] systemd[1]: Starting Nameserver information manager...
         Starting Nameserver information manager...
[   11.040103] systemd[1]: Starting Create list of required static device nodes for the current kernel...
         Starting Create list of required st... nodes for the current kernel...
[   11.043336] systemd[1]: Starting Set console keymap...
         Starting Set console keymap...
[   11.045586] systemd[1]: Mounting POSIX Message Queue File System...
         Mounting POSIX Message Queue File System...
[   11.047485] systemd[1]: Listening on Journal Audit Socket.
[[0;32m  OK  [0m] Listening on Journal Audit Socket.
[   11.049503] systemd[1]: Starting Journal Service...
         Starting Journal Service...
[   11.051132] systemd[1]: Reached target System Time Synchronized.
[[0;32m  OK  [0m] Reached target System Time Synchronized.
[   11.054852] systemd[1]: Reached target User and Group Name Lookups.
[[0;32m  OK  [0m] Reached target User and Group Name Lookups.
[   11.056648] systemd[1]: Listening on Device-mapper event daemon FIFOs.
[[0;32m  OK  [[   11.057971] iscsi: registered transport (iser)
0m] Listening on Device-mapper event daemon FIFOs.
[   11.059522] systemd[1]: Starting Monitoring of LVM2 mirrors, snapshots etc. using dmeventd or progress polling...
         Starting Monitoring of LVM2 mirrors... dmeventd or progress polling...
[   11.062783] systemd[1]: Listening on LVM2 poll daemon socket.
[[0;32m  OK  [0m] Listening on LVM2 poll daemon socket.
[   11.075707] systemd[1]: Mounting Huge Pages File System...
         Mounting Huge Pages File System...
[   11.077470] systemd[1]: Set up automount Arbitrary Executable File Formats File System Automount Point.
[[0;32m  OK  [0m] Set up automount Arbitrary Executab...ats File System Automount Point.
[   11.080740] systemd[1]: Listening on fsck to fsckd communication Socket.
[[0;32m  OK  [0m] Listening on fsck to fsckd communication Socket.
[   11.083109] systemd[1]: Starting File System Check on Root Device...
         Starting File System Check on Root Device...
[   11.085023] systemd[1]: Created slice User and Session Slice.
[[0;32m  OK  [[   11.086254] systemd[1]: Reached target Slices.
0m] Created slice User and Session Slice.
[[0;32m  OK  [0m] Reached target Slices.
[   11.087807] systemd[1]: Reached target Swap.
[[0;32m  OK  [0m] Reached target Swap.
[   11.096468] systemd[1]: Mounted Huge Pages File System.
[[0;32m  OK  [0m] Mounted Huge Pages File System.
[   11.098167] systemd[1]: Mounted POSIX Message Queue File System.
[[0;32m  OK  [0m] Mounted POSIX Message Queue File System.
[   11.100009] systemd[1]: Mounted Debug File System.
[[0;32m  OK  [0m] Mounted Debug File System.
[   11.111457] systemd[1]: Started Journal Service.
[[0;32m  OK  [0m] Started Journal Service.
[[0;32m  OK  [0m] Started Load Kernel Modules.
[[0;32m  OK  [0m] Started Uncomplicated firewall.
[[0;32m  OK  [0m] Started Create list of required sta...ce nodes for the current kernel.
[[0;32m  OK  [0m] Started Set console keymap.
[[0;32m  OK  [0m] Started File System Check on Root Device.
[[0;32m  OK  [0m] Started Nameserver information manager.
[[0;32m  OK  [0m] Started File System Check Daemon to report status.
[[0;32m  OK  [0m] Started LVM2 metadata daemon.
         Starting Remount Root and Kernel File Systems...
         Starting Create Static Device Nodes in /dev...
         Mounting FUSE Control File System...
         Starting Apply Kernel Variables...
[   11.130717] EXT4-fs (sda1): re-mounted. Opts: (null)
[[0;32m  OK  [0m] Mounted FUSE Control File System.
[[0;32m  OK  [0m] Started Remount Root and Kernel File Systems.
[[0;32m  OK  [0m] Started Apply Kernel Variables.
         Starting udev Coldplug all Devices...
         Starting Load/Save Random Seed...
         Starting Flush Journal to Persistent Storage...
[[0;32m  OK  [0m] Started Create Static Device Nodes in /dev.
[[0;32m  OK  [0m] Started Load/Save Random Seed.
         Starting udev Kernel Device Manager...
[[0;32m  OK  [0m] Started Flush Journal to Persistent Storage.
[[0;32m  OK  [0m] Started udev Kernel Device Manager.
[[0;32m  OK  [0m] Started udev Coldplug all Devices.
[[0;32m  OK  [0m] Started Dispatch Password Requests to Console Directory Watch.
[[0;32m  OK  [0m] Found device /dev/ttyS0.
[[0;32m  OK  [0m] Listening on Load/Save RF Kill Switch Status /dev/rfkill Watch.
[[0;32m  OK  [0m] Started Monitoring of LVM2 mirrors,...ng dmeventd or progress polling.
[[0;32m  OK  [0m] Reached target Local File Systems (Pre).
[[0;32m  OK  [0m] Reached target Local File Systems.
         Starting Commit a transient machine-id on disk...
         Starting LSB: AppArmor initialization...
         Starting Initial cloud-init job (pre-networking)...
         Starting Create Volatile Files and Directories...
         Starting Tell Plymouth To Write Out Runtime Data...
         Starting Set console font and keymap...
[[0;32m  OK  [0m] Started Create Volatile Files and Directories.
[[0;32m  OK  [0m] Started Tell Plymouth To Write Out Runtime Data.
         Starting Update UTMP about System Boot/Shutdown...
[[0;32m  OK  [0m] Started Update UTMP about System Boot/Shutdown.
[[0;32m  OK  [0m] Started Commit a transient machine-id on disk.
[[0;32m  OK  [0m] Started Set console font and keymap.
[[0;32m  OK  [0m] Created slice system-getty.slice.
[[0;32m  OK  [0m] Started LSB: AppArmor initialization.
         Starting Load AppArmor profiles managed internally by snapd...
[[0;32m  OK  [0m] Started Load AppArmor profiles managed internally by snapd.
[   11.927526] cloud-init[652]: Cloud-init v. 21.1-19-gbad84ad4-0ubuntu1~16.04.2 running 'init-local' at Thu, 18 Jan 2024 15:45:43 +0000. Up 11.76 seconds.
[[0;32m  OK  [0m] Started Initial cloud-init job (pre-networking).
[[0;32m  OK  [0m] Reached target Network (Pre).
         Starting Raise network interfaces...
[[0;32m  OK  [0m] Started Raise network interfaces.
         Starting Initial cloud-init job (metadata service crawler)...
[[0;32m  OK  [0m] Reached target Network.
[   12.740443] cloud-init[982]: Cloud-init v. 21.1-19-gbad84ad4-0ubuntu1~16.04.2 running 'init' at Thu, 18 Jan 2024 15:45:44 +0000. Up 12.31 seconds.
[   12.741869] cloud-init[982]: ci-info: ++++++++++++++++++++++++++++++++++++++Net device info+++++++++++++++++++++++++++++++++++++++
[   12.743122] cloud-init[982]: ci-info: +--------+-------+----------------------------+---------------+--------+-------------------+
[   12.744198] cloud-init[982]: ci-info: | Device |   Up  |          Address           |      Mask     | Scope  |     Hw-Address    |
[   12.745240] cloud-init[982]: ci-info: +--------+-------+----------------------------+---------------+--------+-------------------+
[   12.746143] cloud-init[982]: ci-info: | enp0s3 |  True |         10.0.2.15          | 255.255.255.0 | global | 02:be:82:6b:cc:1d |
[   12.752302] cloud-init[982]: ci-info: | enp0s3 |  True | fe80::be:82ff:fe6b:cc1d/64 |       .       |  link  | 02:be:82:6b:cc:1d |
[   12.753189] cloud-init[982]: ci-info: | enp0s8 | False |             .              |       .       |   .    | 08:00:27:18:9c:cf |
[   12.754125] cloud-init[982]: ci-info: |   lo   |  True |         127.0.0.1          |   255.0.0.0   |  host  |         .         |
[   12.755151] cloud-init[982]: ci-info: |   lo   |  True |          ::1/128           |       .       |  host  |         .         |
[   12.756142] cloud-init[982]: ci-info: +--------+-------+----------------------------+---------------+--------+-------------------+
[   12.757457] cloud-init[982]: ci-info: +++++++++++++++++++++++++++Route IPv4 info++++++++++++++++++++++++++++
[   12.758663] cloud-init[982]: ci-info: +-------+-------------+----------+---------------+-----------+-------+
[   12.759744] cloud-init[982]: ci-info: | Route | Destination | Gateway  |    Genmask    | Interface | Flags |
[   12.760592] cloud-init[982]: ci-info: +-------+-------------+----------+---------------+-----------+-------+
[   12.761451] cloud-init[982]: ci-info: |   0   |   0.0.0.0   | 10.0.2.2 |    0.0.0.0    |   enp0s3  |   UG  |
[   12.762268] cloud-init[982]: ci-info: |   1   |   10.0.2.0  | 0.0.0.0  | 255.255.255.0 |   enp0s3  |   U   |
[   12.763146] cloud-init[982]: ci-info: +-------+-------------+----------+---------------+-----------+-------+
[   12.764038] cloud-init[982]: ci-info: +++++++++++++++++++Route IPv6 info+++++++++++++++++++
[   12.764868] cloud-init[982]: ci-info: +-------+-------------+---------+-----------+-------+
[   12.765554] cloud-init[982]: ci-info: | Route | Destination | Gateway | Interface | Flags |
[   12.766286] cloud-init[982]: ci-info: +-------+-------------+---------+-----------+-------+
[   12.772284] cloud-init[982]: ci-info: |   0   |  fe80::/64  |    ::   |   enp0s3  |   U   |
[   12.773254] cloud-init[982]: ci-info: |   3   |   ff00::/8  |    ::   |   enp0s3  |   U   |
[   12.774168] cloud-init[982]: ci-info: +-------+-------------+---------+-----------+-------+
[   12.774996] cloud-init[982]: Generating public/private rsa key pair.
[   12.775793] cloud-init[982]: Your identification has been saved in /etc/ssh/ssh_host_rsa_key.
[   12.776481] cloud-init[982]: Your public key has been saved in /etc/ssh/ssh_host_rsa_key.pub.
[   12.777255] cloud-init[982]: The key fingerprint is:
[   12.777727] cloud-init[982]: SHA256:9YTxm2IaLVBauQxBmGSjHByklisO4UJa5BQW2/d+JKs root@ubuntu-xenial
[   12.778485] cloud-init[982]: The key's randomart image is:
[   12.779054] cloud-init[982]: +---[RSA 2048]----+
[   12.779483] cloud-init[982]: | oX=++o.o..      |
[   12.780005] cloud-init[982]: | Bo*o..+.  +     |
[   12.780480] cloud-init[982]: |o+* . +o .o o    |
[   12.781001] cloud-init[982]: |=o.  . ooo o o   |
[   12.788240] [cloud-init[0;32m  OK  [0m[982]: ] |=o      S = +    |Started Initial cloud-init job (metadata service crawler).

[   12.788442] cloud-init[982]: |=      . O .     |
[   12.796177] [cloud-init[0;32m  OK  [0m[982]: ] | .      + .      |Reached target System Initialization.

[[   12.796324] [0;32m  OK  [0mcloud-init] [982]: Started Daily Cleanup of Temporary Directories.|       . .       |

[   12.797872] [cloud-init[0;32m  OK  [0m[982]: ] |      E          |Started Ubuntu Advantage update messaging.

         [   12.798017] Starting Socket activation for snappy daemon.cloud-init
[982]: +----[SHA256]-----+
[   12.799504] cloud-init[982]: Generating public/private dsa key pair.
[   12.800086] [cloud-init[0;32m  OK  [0m[982]: ] Your identification has been saved in /etc/ssh/ssh_host_dsa_key.Started ACPI Events Check.

[[   12.800207] [0;32m  OK  [0mcloud-init] [982]: Reached target Paths.Your public key has been saved in /etc/ssh/ssh_host_dsa_key.pub.

[   12.801907] cloud-init[[982]: [0;32m  OK  [0mThe key fingerprint is:] 
Listening on D-Bus System Message Bus Socket.
[   12.802052] cloud-init[982]: SHA256:+Guqr+rVsoIZnumpxE7brCna3vd8ifjUGyMuRNr/IVQ root@ubuntu-xenial
[   12.804118]          cloud-initStarting LXD - unix socket.[982]: 
The key's randomart image is:
[   12.805122] [cloud-init[0;32m  OK  [0m[982]: ] +---[DSA 1024]----+Started Message of the Day.

[[0;32m  OK  [0m] Listening on ACPID Listen Socket.
[[   12.805366] [0;32m  OK  [0mcloud-init] [982]: Started Daily apt download activities.|                 |

[   12.808156] [cloud-init[0;32m  OK  [0m[982]: ] |                 |Started Daily apt upgrade and clean activities.

[[   12.808301] [0;32m  OK  [0mcloud-init] [982]: Reached target Timers.|          E      |

[   12.809619] [cloud-init[0;32m  OK  [0m[982]: ] |      .. .       |Listening on UUID daemon activation socket.

[[   12.809742] [0;32m  OK  [0mcloud-init] [982]: Reached target Cloud-config availability.|     +. S        |

[   12.811260] [cloud-init[0;32m  OK  [0m[982]: ] |o   ..oo .       |Reached target Network is Online.

[   12.811408] cloud-init[982]: |.Bo o..o=.=.     |
[   12.812479] cloud-init[982]: |B=Bo o++++o=     |
[   12.820136] cloud-init[982]: |BX*===o**oo      |
[   12.820676] cloud-init[982]: +----[SHA256]-----+
[   12.821194] cloud-init[982]: Generating public/private ecdsa key pair.
[   12.828266]          cloud-initStarting iSCSI initiator daemon (iscsid)...[982]: 
Your identification has been saved in /etc/ssh/ssh_host_ecdsa_key.
[   12.829336] [cloud-init[0;32m  OK  [0m[982]: ] Your public key has been saved in /etc/ssh/ssh_host_ecdsa_key.pub.Listening on Socket activation for snappy daemon.

[[   12.829606] [0;32m  OK  [0mcloud-init] [982]: Listening on LXD - unix socket.The key fingerprint is:

[   12.831541] cloud-init[[982]: [0;32m  OK  [0mSHA256:DJ/KVujyFsy0W0yPoA+XBgf/F6+8+C4AbKJg42JfzfQ root@ubuntu-xenial] 
Reached target Sockets.
[   12.831741] cloud-init[982]: The key's randomart image is:
[[0;32m  OK  [0m] Reached target Basic System.
[   12.831992] cloud-init[982]: +---[ECDSA 256]---+
[   12.833941] cloud-init[982]: |                 |
[   12.834482] [cloud-init[0;32m  OK  [0m[982]: ] |    .            |Started Regular background program processing daemon.

[   12.834764] cloud-init[982]: |   . o.          |
[   12.836357]          cloud-initStarting Accounts Service...[982]: 
|.o. = =*...      |
[[0;32m  OK  [0m] Started D-Bus System Message Bus.
[   12.837466] cloud-init[982]: |+..o O=BSo o     |
[   12.839855] cloud-init[982]: |oo  o+X==Eo .    |
[   12.852174] cloud-init[982]: |o . o=== o .     |
[   12.852731] cloud-init[982]: |   . ++ ..o      |
[   12.853310] cloud-init[982]: |     .. .++.     |
[   12.853870] cloud-init[982]: +----[SHA256]-----+
[   12.855774] cloud-init[982]: Generating public/private ed25519 key pair.
[   12.856477] cloud-init[982]: Your identification has been saved in /etc/ssh/ssh_host_ed25519_key.
[   12.864180]          cloud-initStarting LSB: Record successful boot for GRUB...[982]: 
Your public key has been saved in /etc/ssh/ssh_host_ed25519_key.pub.
[   12.865366] cloud-init[982]: The key fingerprint is:
[   12.866567]          cloud-initStarting Virtualbox guest utils...[982]: 
SHA256:IQpweMWSuHkLvZgx0B+B4Ztbg6pWG1eJ06GGyua4QRw root@ubuntu-xenial
[   12.868588]          Starting LXD - container startup/shutdown...
cloud-init[982]: [[0;32m  OK  [0m] Started Deferred execution scheduler.
The key's randomart image is:
[   12.869924]          cloud-initStarting /etc/rc.local Compatibility...[982]: 
+--[ED25519 256]--+
[   12.872676] [[0;32m  OK  [0m] Started FUSE filesystem for LXC.
cloud-init[982]: |.+o*o.           |
[   12.873716]          Starting Pollinate to seed the pseudo random number generator...
cloud-init         Starting LSB: MD monitoring daemon...
[982]: |++* o  .         |
         Starting System Logging Service...
[   12.875808] cloud-init[982]: |.Eoo..= +        |
[   12.876843]          Starting Login Service...
cloud-init[982]: |B +*.* = .       |
[[0;32m  OK  [0m] Started ACPI event daemon.
[   12.877780] cloud-init[982]: |.X=o= o S        |
[   12.879275]          Starting Snap Daemon...
cloud-init[982]: |+=o= o           |
[[0;32m  OK  [0m] Started /etc/rc.local Compatibility.
[   12.880874] cloud-init[982]: |* o +            |
[   12.883136] cloud-init[982]: |o+ .             |
[   12.884062] cloud-init[982]: |+.               |
[   12.893088]          cloud-initStarting Authenticate and Authorize Users to Run Privileged Tasks...[982]: 
+----[SHA256]-----+
[[0;32m  OK  [0m] Started iSCSI initiator daemon (iscsid).
         Starting Login to default iSCSI targets...
[[0;32m  OK  [0m] Started Login Service.
[[0;32m  OK  [0m] Started Unattended Upgrades Shutdown.
[[0;32m  OK  [0m] Started LSB: MD monitoring daemon.
[[0;32m  OK  [0m] Started LSB: Record successful boot for GRUB.
[[0;32m  OK  [0m] Started System Logging Service.
[[0;32m  OK  [0m] Started Authenticate and Authorize Users to Run Privileged Tasks.
[[0;32m  OK  [0m] Started Accounts Service.
[[0;32m  OK  [0m] Started Login to default iSCSI targets.
[[0;32m  OK  [0m] Started Virtualbox guest utils.
[[0;32m  OK  [0m] Reached target Remote File Systems (Pre).
[[0;32m  OK  [0m] Reached target Remote File Systems.
         Starting LSB: automatic crash report generation...
         Starting LSB: Set the CPU Frequency Scaling governor to "ondemand"...
         Starting LSB: daemon to balance interrupts for SMP systems...
         Starting Permit User Sessions...
[[0;32m  OK  [0m] Started LXD - container startup/shutdown.
[[0;32m  OK  [0m] Started Permit User Sessions.
         Starting Terminate Plymouth Boot Screen...
         Starting Hold until boot process finishes up...
[[0;32m  OK  [0m] Started LSB: automatic crash report generation.
[[0;32m  OK  [0m] Started LSB: Set the CPU Frequency Scaling governor to "ondemand".
[[0;32m  OK  [0m] Started Hold until boot process finishes up.
[[0;32m  OK  [0m] Started Terminate Plymouth Boot Screen.
[[0;32m  OK  [0m] Started LSB: daemon to balance interrupts for SMP systems.
[[0;32m  OK  [0m] Started Getty on tty1.
         Starting Set console scheme...
[[0;32m  OK  [0m] Started Serial Getty on ttyS0.
[[0;32m  OK  [0m] Reached target Login Prompts.
[[0;32m  OK  [0m] Started Set console scheme.
[[0;32m  OK  [0m] Started Snap Daemon.
         Starting Wait until snapd is fully seeded...
[[0;32m  OK  [0m] Started Pollinate to seed the pseudo random number generator.
         Starting OpenBSD Secure Shell server...
[[0;32m  OK  [0m] Started OpenBSD Secure Shell server.
[[0;32m  OK  [0m] Started Wait until snapd is fully seeded.
         Starting Apply the settings specified in cloud-config...
[[0;32m  OK  [0m] Reached target Multi-User System.
[[0;32m  OK  [0m] Reached target Graphical Interface.
         Starting Update UTMP about System Runlevel Changes...
[[0;32m  OK  [0m] Started Update UTMP about System Runlevel Changes.
[   15.146465] cloud-init[1325]: Generating locales (this might take a while)...
[   15.612532] cloud-init[1325]:   en_US.UTF-8... done
[   15.613433] cloud-init[1325]: Generation complete.
[   15.818025] cloud-init[1325]: Cloud-init v. 21.1-19-gbad84ad4-0ubuntu1~16.04.2 running 'modules:config' at Thu, 18 Jan 2024 15:45:46 +0000. Up 15.08 seconds.
[[0;32m  OK  [0m] Started Apply the settings specified in cloud-config.
         Starting Execute cloud user/final scripts...
ci-info: no authorized SSH keys fingerprints found for user ubuntu.
<14>Jan 18 15:45:47 ec2: 
<14>Jan 18 15:45:47 ec2: #############################################################
<14>Jan 18 15:45:47 ec2: -----BEGIN SSH HOST KEY FINGERPRINTS-----
<14>Jan 18 15:45:47 ec2: 1024 SHA256:+Guqr+rVsoIZnumpxE7brCna3vd8ifjUGyMuRNr/IVQ root@ubuntu-xenial (DSA)
<14>Jan 18 15:45:47 ec2: 256 SHA256:DJ/KVujyFsy0W0yPoA+XBgf/F6+8+C4AbKJg42JfzfQ root@ubuntu-xenial (ECDSA)
<14>Jan 18 15:45:47 ec2: 256 SHA256:IQpweMWSuHkLvZgx0B+B4Ztbg6pWG1eJ06GGyua4QRw root@ubuntu-xenial (ED25519)
<14>Jan 18 15:45:47 ec2: 2048 SHA256:9YTxm2IaLVBauQxBmGSjHByklisO4UJa5BQW2/d+JKs root@ubuntu-xenial (RSA)
<14>Jan 18 15:45:47 ec2: -----END SSH HOST KEY FINGERPRINTS-----
<14>Jan 18 15:45:47 ec2: #############################################################
-----BEGIN SSH HOST KEY KEYS-----
ecdsa-sha2-nistp256 AAAAE2VjZHNhLXNoYTItbmlzdHAyNTYAAAAIbmlzdHAyNTYAAABBBCVz4sEkNsOsNFMW/R2EAcKWhhSa0M93YCA4LPnnno/EBc7XAQNLG5uZ3WZ5pyMvKsxfzDKUwjSleBr3/qM2bPs= root@ubuntu-xenial
ssh-ed25519 AAAAC3NzaC1lZDI1NTE5AAAAILbl3KpYBYE0TJ+xX/pj49Rzfmh5d93N2CzrCo/QGhSS root@ubuntu-xenial
ssh-rsa AAAAB3NzaC1yc2EAAAADAQABAAABAQC9u+GqLIvY8T2+j2Tcavyk3T+t/fEU9CkMh+z1mg6Dyjt/7OBHbl+gno1PgETtYzQT96Ehjy4Obb8gGTA26RQaau1LgBvsjl54xqk4GZsTT2dAfEwE/rs650xsk0qfMt7b3SA4GE8R9MmeLI2pTin9i+A/wRA1NkXZYGDNxp/18KPp17R0u9opR+vX64dN3CLkzlQIWo0XzWMAV0LU37wu5uAwd5WxkpqSFJUIRlRPFj1ipyhvyB3onsJQMSJGVvYYlWGfs2Rqv/JwcKiak1ozbkjCs7O/2no8I2pqsiUJ8GiC0HYtyfiAc2/IkIX5eE2Yf/yhAXK0otpsdFDQteTz root@ubuntu-xenial
-----END SSH HOST KEY KEYS-----
[   16.109105] cloud-init[1369]: Cloud-init v. 21.1-19-gbad84ad4-0ubuntu1~16.04.2 running 'modules:final' at Thu, 18 Jan 2024 15:45:47 +0000. Up 16.01 seconds.
[   16.110656] cloud-init[1369]: ci-info: no authorized SSH keys fingerprints found for user ubuntu.
[   16.111729] cloud-init[1369]: Cloud-init v. 21.1-19-gbad84ad4-0ubuntu1~16.04.2 finished at Thu, 18 Jan 2024 15:45:47 +0000. Datasource DataSourceNoCloud [seed=/dev/sdb][dsmode=net].  Up 16.10 seconds
[[0;32m  OK  [0m] Started Execute cloud user/final scripts.
[[0;32m  OK  [0m] Reached target Cloud-init target.

Ubuntu 16.04.7 LTS ubuntu-xenial ttyS0

ubuntu-xenial login:          Stopping Session 4 of user vagrant.
         Stopping GitLab Runit supervision process...
         Stopping User Manager for UID 1000...
         Stopping Authenticate and Authorize Users to Run Privileged Tasks...
[[0;32m  OK  [0m] Closed Load/Save RF Kill Switch Status /dev/rfkill Watch.
         Stopping ACPI event daemon...
[[0;32m  OK  [0m] Stopped target Graphical Interface.
[[0;32m  OK  [0m] Stopped target Cloud-init target.
[[0;32m  OK  [0m] Stopped Execute cloud user/final scripts.
         Stopping Accounts Service...
[[0;32m  OK  [0m] Stopped target Timers.
[[0;32m  OK  [0m] Stopped Daily apt upgrade and clean activities.
[[0;32m  OK  [0m] Stopped Ubuntu Advantage update messaging.
[[0;32m  OK  [0m] Stopped Daily Cleanup of Temporary Directories.
[[0;32m  OK  [0m] Stopped Message of the Day.
[[0;32m  OK  [0m] Stopped Daily apt download activities.
[[0;32m  OK  [0m] Stopped target System Time Synchronized.
[[0;32m  OK  [0m] Stopped Apply the settings specified in cloud-config.
[[0;32m  OK  [0m] Stopped target Cloud-config availability.
[[0;32m  OK  [0m] Stopped Authenticate and Authorize Users to Run Privileged Tasks.
[[0;32m  OK  [0m] Stopped Session 4 of user vagrant.
[[0;32m  OK  [0m] Stopped User Manager for UID 1000.
[[0;32m  OK  [0m] Removed slice User Slice of vagrant.
[[0;32m  OK  [0m] Stopped Accounts Service.
[[0;32m  OK  [0m] Stopped User Manager for UID 1000.
[[0;32m  OK  [0m] Removed slice user-1000.slice.
[[0;32m  OK  [0m] Unmounted /run/user/1000.
[[0;32m  OK  [0m] Stopped ACPI event daemon.
[[0;32m  OK  [0m] Stopped GitLab Runit supervision process.
[[0;32m  OK  [0m] Stopped target Multi-User System.
         Stopping LXD - container startup/shutdown...
         Stopping LSB: daemon to balance interrupts for SMP systems...
         Stopping FUSE filesystem for LXC...
         Stopping Deferred execution scheduler...
         Stopping LSB: Set the CPU Frequency Scaling governor to "ondemand"...
[[0;32m  OK  [Stopping Serial Getty on ttyS0...
         Stopping LSB: MD monitoring daemon...
         Stopping Virtualbox guest utils...
         Stopping Login Service...
         Stopping LSB: Record successful boot for GRUB...
         Stopping System Logging Service...
         Stopping Regular background program processing daemon...
         Stopping D-Bus System Message Bus...
         Stopping LSB: automatic crash report generation...
[[0;32m  OK  [0m] Stopped Wait until snapd is fully seeded.
         Stopping OpenBSD Secure Shell server...
[[0;32m  OK  [0m] Unmounted /var/lib/lxcfs.
[[0;32m  OK  [0m] Stopped Regular background program processing daemon.
[[0;32m  OK  [0m] Stopped Deferred execution scheduler.
[[0;32m  OK  [0m] Stopped System Logging Service.
[[0;32m  OK  [0m] Stopped Getty on tty1.
[[0;32m  OK  [0m] Stopped Serial Getty on ttyS0.
[[0;32m  OK  [0m] Stopped OpenBSD Secure Shell server.
[[0;32m  OK  [0m] Stopped D-Bus System Message Bus.
[[0;32m  OK  [0m] Stopped FUSE filesystem for LXC.
[[0;32m  OK  [0m] Stopped LXD - container startup/shutdown.
[[0;32m  OK  [0m] Stopped LSB: Set the CPU Frequency Scaling governor to "ondemand".
[[0;32m  OK  [0m] Stopped LSB: MD monitoring daemon.
[[0;32m  OK  [0m] Stopped LSB: daemon to balance interrupts for SMP systems.
[[0;32m  OK  [0m] Removed slice system-serial\x2dgetty.slice.
[[0;32m  OK  [0m] Removed slice system-getty.slice.
         Stopping Permit User Sessions...
[[0;32m  OK  [0m] Stopped /etc/rc.local Compatibility.
[[0;32m  OK  [0m] Stopped Login Service.
[[0;32m  OK  [0m] Stopped Virtualbox guest utils.
[[0;32m  OK  [0m] Stopped LSB: Record successful boot for GRUB.
[[0;32m  OK  [0m] Stopped LSB: automatic crash report generation.
[[0;32m  OK  [0m] Stopped Permit User Sessions.
[[0;32m  OK  [0m] Stopped target Remote File Systems.
[[0;32m  OK  [0m] Stopped target Remote File Systems (Pre).
         Stopping Login to default iSCSI targets...
[[0;32m  OK  [0m] Stopped target Basic System.
[[0;32m  OK  [0m] Stopped target Paths.
[[0;32m  OK  [0m] Stopped Dispatch Password Requests to Console Directory Watch.
[[0;32m  OK  [0m] Stopped ACPI Events Check.
[[0;32m  OK  [0m] Stopped Forward Password Requests to Wall Directory Watch.
[[0;32m  OK  [0m] Stopped target Slices.
[[0;32m  OK  [0m] Removed slice User and Session Slice.
[[0;32m  OK  [0m] Stopped target Sockets.
[[0;32m  OK  [0m] Closed UUID daemon activation socket.
[[0;32m  OK  [0m] Closed LXD - unix socket.
[[0;32m  OK  [0m] Closed Socket activation for snappy daemon.
[[0;32m  OK  [0m] Closed ACPID Listen Socket.
[[0;32m  OK  [0m] Closed Syslog Socket.
[[0;32m  OK  [0m] Stopped target User and Group Name Lookups.
[[0;32m  OK  [0m] Closed D-Bus System Message Bus Socket.
[[0;32m  OK  [0m] Stopped target System Initialization.
[[0;32m  OK  [0m] Stopped Commit a transient machine-id on disk.
[[0;32m  OK  [0m] Stopped target Swap.
[[0;32m  OK  [0m] Stopped target Encrypted Volumes.
         Stopping Update UTMP about System Boot/Shutdown...
         Stopping Load/Save Random Seed...
[[0;32m  OK  [0m] Stopped Load/Save Random Seed.
[[0;32m  OK  [0m] Stopped Update UTMP about System Boot/Shutdown.
[[0;32m  OK  [0m] Stopped Create Volatile Files and Directories.
[[0;32m  OK  [0m] Stopped Login to default iSCSI targets.
         Stopping iSCSI initiator daemon (iscsid)...
[[0;32m  OK  [0m] Stopped iSCSI initiator daemon (iscsid).
[[0;32m  OK  [0m] Stopped target Network is Online.
[[0;32m  OK  [0m] Stopped target Network.
[[0;32m  OK  [0m] Stopped Initial cloud-init job (metadata service crawler).
         Stopping Raise network interfaces...
[[0;32m  OK  [0m] Stopped Raise network interfaces.
[[0;32m  OK  [0m] Stopped target Local File Systems.
         Unmounting /vagrant...
[[0;32m  OK  [0m] Stopped target Network (Pre).
[[0;32m  OK  [0m] Stopped Initial cloud-init job (pre-networking).
[[0;32m  OK  [0m] Stopped Apply Kernel Variables.
[[0;32m  OK  [0m] Stopped Load Kernel Modules.
[[0;32m  OK  [0m] Unmounted /vagrant.
[[0;32m  OK  [0m] Reached target Unmount All Filesystems.
[[0;32m  OK  [0m] Stopped target Local File Systems (Pre).
[[0;32m  OK  [0m] Stopped Create Static Device Nodes in /dev.
[[0;32m  OK  [0m] Stopped Remount Root and Kernel File Systems.
[[0;32m  OK  [0m] Reached target Shutdown.
[ 1224.062170] reboot: Power down
